\BOOKMARK [0][-]{section*.1}{\376\377\000L\000E\000M\000B\000A\000R\000\040\000P\000E\000N\000G\000E\000S\000A\000H\000A\000N}{}% 1
\BOOKMARK [0][-]{section*.2}{\376\377\000P\000E\000R\000N\000Y\000A\000T\000A\000A\000N}{}% 2
\BOOKMARK [0][-]{section*.3}{\376\377\000A\000B\000S\000T\000R\000A\000K}{}% 3
\BOOKMARK [0][-]{section*.4}{\376\377\000A\000B\000S\000T\000R\000A\000C\000T}{}% 4
\BOOKMARK [0][-]{section*.5}{\376\377\000K\000A\000T\000A\000\040\000P\000E\000N\000G\000A\000N\000T\000A\000R}{}% 5
\BOOKMARK [0][-]{section*.6}{\376\377\000D\000A\000F\000T\000A\000R\000\040\000I\000S\000I}{}% 6
\BOOKMARK [0][-]{section*.7}{\376\377\000D\000A\000F\000T\000A\000R\000\040\000G\000A\000M\000B\000A\000R}{}% 7
\BOOKMARK [0][-]{section*.8}{\376\377\000D\000A\000F\000T\000A\000R\000\040\000T\000A\000B\000E\000L}{}% 8
\BOOKMARK [0][-]{section*.9}{\376\377\000D\000A\000F\000T\000A\000R\000\040\000L\000A\000M\000P\000I\000R\000A\000N}{}% 9
\BOOKMARK [0][-]{chapter.1}{\376\377\000P\000E\000N\000D\000A\000H\000U\000L\000U\000A\000N}{}% 10
\BOOKMARK [1][-]{section.1.1}{\376\377\000L\000a\000t\000a\000r\000\040\000B\000e\000l\000a\000k\000a\000n\000g}{chapter.1}% 11
\BOOKMARK [1][-]{section.1.2}{\376\377\000R\000u\000m\000u\000s\000a\000n\000\040\000M\000a\000s\000a\000l\000a\000h}{chapter.1}% 12
\BOOKMARK [1][-]{section.1.3}{\376\377\000B\000a\000t\000a\000s\000a\000n\000\040\000M\000a\000s\000a\000l\000a\000h}{chapter.1}% 13
\BOOKMARK [1][-]{section.1.4}{\376\377\000T\000u\000j\000u\000a\000n}{chapter.1}% 14
\BOOKMARK [1][-]{section.1.5}{\376\377\000M\000a\000n\000f\000a\000a\000t}{chapter.1}% 15
\BOOKMARK [0][-]{chapter.2}{\376\377\000L\000A\000N\000D\000A\000S\000A\000N\000\040\000T\000E\000O\000R\000I}{}% 16
\BOOKMARK [1][-]{section.2.1}{\376\377\000S\000t\000u\000d\000i\000\040\000L\000i\000t\000e\000r\000a\000t\000u\000r}{chapter.2}% 17
\BOOKMARK [1][-]{section.2.2}{\376\377\000D\000a\000s\000a\000r\000\040\000T\000e\000o\000r\000i}{chapter.2}% 18
\BOOKMARK [2][-]{subsection.2.2.1}{\376\377\000R\000o\000b\000o\000t\000\040\000H\000u\000m\000a\000n\000o\000i\000d\000\040\000R\000o\000b\000o\000t\000i\000s\000-\000O\000P\0003}{section.2.2}% 19
\BOOKMARK [2][-]{subsection.2.2.2}{\376\377\000D\000y\000n\000a\000m\000i\000x\000e\000l}{section.2.2}% 20
\BOOKMARK [2][-]{subsection.2.2.3}{\376\377\000R\000o\000b\000o\000t\000\040\000O\000p\000e\000r\000a\000t\000i\000n\000g\000\040\000S\000y\000s\000t\000e\000m}{section.2.2}% 21
\BOOKMARK [2][-]{subsection.2.2.4}{\376\377\000V\000i\000s\000i\000\040\000K\000o\000m\000p\000u\000t\000e\000r}{section.2.2}% 22
\BOOKMARK [2][-]{subsection.2.2.5}{\376\377\000D\000e\000e\000p\000\040\000L\000e\000a\000r\000n\000i\000n\000g}{section.2.2}% 23
\BOOKMARK [2][-]{subsection.2.2.6}{\376\377\000C\000o\000n\000v\000o\000l\000u\000t\000i\000o\000n\000a\000l\000\040\000N\000e\000u\000r\000a\000l\000\040\000N\000e\000t\000w\000o\000r\000k\000s\000\040\000\050\000C\000N\000N\000\051}{section.2.2}% 24
\BOOKMARK [2][-]{subsection.2.2.7}{\376\377\000T\000r\000a\000n\000s\000f\000o\000r\000m\000e\000r}{section.2.2}% 25
\BOOKMARK [2][-]{subsection.2.2.8}{\376\377\000P\000o\000s\000e\000\040\000E\000s\000t\000i\000m\000a\000t\000i\000o\000n}{section.2.2}% 26
\BOOKMARK [2][-]{subsection.2.2.9}{\376\377\000M\000e\000T\000R\000A\000b\000s}{section.2.2}% 27
\BOOKMARK [2][-]{subsection.2.2.10}{\376\377\000D\000e\000c\000i\000W\000a\000t\000c\000h}{section.2.2}% 28
\BOOKMARK [2][-]{subsection.2.2.11}{\376\377\000T\000r\000i\000g\000o\000n\000o\000m\000e\000t\000r\000i}{section.2.2}% 29
\BOOKMARK [2][-]{subsection.2.2.12}{\376\377\000M\000a\000t\000r\000i\000k\000s\000\040\000R\000o\000t\000a\000s\000i}{section.2.2}% 30
\BOOKMARK [2][-]{subsection.2.2.13}{\376\377\000I\000n\000v\000e\000r\000s\000e\000\040\000K\000i\000n\000e\000m\000a\000t\000i\000c\000s\000\040\000T\000r\000a\000n\000s\000f\000o\000r\000m}{section.2.2}% 31
\BOOKMARK [2][-]{subsection.2.2.14}{\376\377\000M\000e\000a\000n\000\040\000P\000e\000r\000\040\000J\000o\000i\000n\000t\000\040\000P\000o\000s\000i\000t\000i\000o\000n\000\040\000E\000r\000r\000o\000r\000\040\000\050\000M\000P\000J\000P\000E\000\051}{section.2.2}% 32
\BOOKMARK [0][-]{chapter.3}{\376\377\000M\000E\000T\000O\000D\000O\000L\000O\000G\000I\000\040\000P\000E\000N\000E\000N\000I\000L\000I\000T\000I\000A\000N}{}% 33
\BOOKMARK [1][-]{section.3.1}{\376\377\000W\000a\000k\000t\000u\000\040\000d\000a\000n\000\040\000T\000e\000m\000p\000a\000t\000\040\000P\000e\000n\000e\000l\000i\000t\000i\000a\000n}{chapter.3}% 34
\BOOKMARK [1][-]{section.3.2}{\376\377\000D\000i\000a\000g\000r\000a\000m\000\040\000A\000l\000i\000r\000\040\000P\000e\000n\000e\000l\000i\000t\000i\000a\000n}{chapter.3}% 35
\BOOKMARK [1][-]{section.3.3}{\376\377\000M\000e\000t\000o\000d\000e\000\040\000P\000e\000n\000g\000u\000m\000p\000u\000l\000a\000n\000\040\000D\000a\000t\000a}{chapter.3}% 36
\BOOKMARK [2][-]{subsection.3.3.1}{\376\377\000D\000a\000t\000a\000s\000e\000t\000\040\000A\000I\000S\000T\000+\000+}{section.3.3}% 37
\BOOKMARK [2][-]{subsection.3.3.2}{\376\377\000D\000a\000t\000a\000\040\000V\000i\000d\000e\000o\000\040\000T\000a\000r\000i\000\040\000T\000r\000a\000d\000i\000s\000i\000o\000n\000a\000l\000\040\000I\000n\000d\000o\000n\000e\000s\000i\000a}{section.3.3}% 38
\BOOKMARK [1][-]{section.3.4}{\376\377\000T\000e\000k\000n\000i\000k\000\040\000P\000e\000n\000g\000o\000l\000a\000h\000a\000n\000\040\000D\000a\000t\000a}{chapter.3}% 39
\BOOKMARK [2][-]{subsection.3.4.1}{\376\377\000P\000e\000n\000g\000o\000l\000a\000h\000a\000n\000\040\000D\000a\000t\000a\000s\000e\000t}{section.3.4}% 40
\BOOKMARK [2][-]{subsection.3.4.2}{\376\377\000T\000r\000a\000i\000n\000i\000n\000g\000\040\000d\000a\000n\000\040\000F\000i\000n\000e\000-\000t\000u\000n\000i\000n\000g\000\040\000M\000o\000d\000e\000l}{section.3.4}% 41
\BOOKMARK [2][-]{subsection.3.4.3}{\376\377\000P\000e\000n\000g\000u\000j\000i\000a\000n\000\040\000d\000a\000n\000\040\000E\000v\000a\000l\000u\000a\000s\000i\000\040\000M\000o\000d\000e\000l}{section.3.4}% 42
\BOOKMARK [2][-]{subsection.3.4.4}{\376\377\000I\000m\000p\000l\000e\000m\000e\000n\000t\000a\000s\000i\000\040\000p\000a\000d\000a\000\040\000R\000o\000b\000o\000t\000\040\000T\000a\000r\000i}{section.3.4}% 43
\BOOKMARK [1][-]{section.3.5}{\376\377\000U\000j\000i\000\040\000C\000o\000b\000a\000\040\000S\000i\000s\000t\000e\000m}{chapter.3}% 44
\BOOKMARK [0][-]{chapter.4}{\376\377\000A\000N\000A\000L\000I\000S\000I\000S\000\040\000D\000A\000N\000\040\000P\000E\000R\000A\000N\000C\000A\000N\000G\000A\000N\000\040\000S\000I\000S\000T\000E\000M}{}% 45
\BOOKMARK [1][-]{section.4.1}{\376\377\000D\000e\000s\000k\000r\000i\000p\000s\000i\000\040\000S\000i\000s\000t\000e\000m}{chapter.4}% 46
\BOOKMARK [1][-]{section.4.2}{\376\377\000A\000n\000a\000l\000i\000s\000a\000\040\000K\000e\000b\000u\000t\000u\000h\000a\000n\000\040\000S\000i\000s\000t\000e\000m}{chapter.4}% 47
\BOOKMARK [2][-]{subsection.4.2.1}{\376\377\000K\000e\000b\000u\000t\000u\000h\000a\000n\000\040\000P\000e\000r\000a\000n\000g\000k\000a\000t\000\040\000K\000e\000r\000a\000s}{section.4.2}% 48
\BOOKMARK [2][-]{subsection.4.2.2}{\376\377\000K\000e\000b\000u\000t\000u\000h\000a\000n\000\040\000P\000e\000r\000a\000n\000g\000k\000a\000t\000\040\000L\000u\000n\000a\000k}{section.4.2}% 49
\BOOKMARK [2][-]{subsection.4.2.3}{\376\377\000A\000n\000a\000l\000i\000s\000a\000\040\000K\000e\000b\000u\000t\000u\000h\000a\000n\000\040\000F\000u\000n\000g\000s\000i\000o\000n\000a\000l\000i\000t\000a\000s}{section.4.2}% 50
\BOOKMARK [1][-]{section.4.3}{\376\377\000P\000e\000r\000a\000n\000c\000a\000n\000g\000a\000n\000\040\000S\000i\000s\000t\000e\000m}{chapter.4}% 51
\BOOKMARK [2][-]{subsection.4.3.1}{\376\377\000A\000r\000s\000i\000t\000e\000k\000t\000u\000r\000\040\000S\000i\000s\000t\000e\000m}{section.4.3}% 52
\BOOKMARK [2][-]{subsection.4.3.2}{\376\377\000A\000l\000u\000r\000\040\000K\000e\000r\000j\000a\000\040\000S\000i\000s\000t\000e\000m}{section.4.3}% 53
\BOOKMARK [1][-]{section.4.4}{\376\377\000P\000e\000r\000a\000n\000c\000a\000n\000g\000a\000n\000\040\000A\000n\000t\000a\000r\000m\000u\000k\000a\000\040\000P\000e\000n\000g\000g\000u\000n\000a}{chapter.4}% 54
\BOOKMARK [1][-]{section.4.5}{\376\377\000P\000e\000r\000a\000n\000c\000a\000n\000g\000a\000n\000\040\000M\000o\000d\000i\000f\000i\000k\000a\000s\000i\000\040\000H\000a\000r\000d\000w\000a\000r\000e}{chapter.4}% 55
\BOOKMARK [0][-]{chapter.5}{\376\377\000I\000M\000P\000L\000E\000M\000E\000N\000T\000A\000S\000I\000\040\000D\000A\000N\000\040\000P\000E\000N\000G\000U\000J\000I\000A\000N}{}% 56
\BOOKMARK [1][-]{section.5.1}{\376\377\000I\000m\000p\000l\000e\000m\000e\000n\000t\000a\000s\000i\000\040\000S\000i\000s\000t\000e\000m}{chapter.5}% 57
\BOOKMARK [2][-]{subsection.5.1.1}{\376\377\000D\000a\000t\000a\000\040\000P\000r\000e\000p\000r\000o\000c\000e\000s\000s\000i\000n\000g}{section.5.1}% 58
\BOOKMARK [2][-]{subsection.5.1.2}{\376\377\000I\000n\000i\000s\000i\000a\000l\000i\000s\000a\000s\000i\000\040\000D\000a\000t\000a\000s\000e\000t\000\040\000d\000a\000n\000\040\000D\000a\000t\000a\000L\000o\000a\000d\000e\000r}{section.5.1}% 59
\BOOKMARK [2][-]{subsection.5.1.3}{\376\377\000P\000e\000m\000b\000u\000a\000t\000a\000n\000\040\000M\000o\000d\000e\000l}{section.5.1}% 60
\BOOKMARK [2][-]{subsection.5.1.4}{\376\377\000M\000e\000t\000o\000d\000e\000\040\000P\000e\000r\000h\000i\000t\000u\000n\000g\000a\000n\000\040\000M\000P\000J\000P\000E\000\040\000d\000a\000n\000\040\000P\000r\000o\000s\000e\000d\000u\000r\000\040\000P\000e\000l\000a\000t\000i\000h\000a\000n\000\040\000M\000o\000d\000e\000l}{section.5.1}% 61
\BOOKMARK [2][-]{subsection.5.1.5}{\376\377\000P\000e\000n\000y\000i\000m\000p\000a\000n\000a\000n\000\040\000M\000o\000d\000e\000l\000\040\000d\000a\000n\000\040\000E\000v\000a\000l\000u\000a\000s\000i}{section.5.1}% 62
\BOOKMARK [2][-]{subsection.5.1.6}{\376\377\000M\000o\000d\000i\000f\000i\000k\000a\000s\000i\000\040\000H\000a\000r\000d\000w\000a\000r\000e}{section.5.1}% 63
\BOOKMARK [2][-]{subsection.5.1.7}{\376\377\000I\000m\000p\000l\000e\000m\000e\000n\000t\000a\000s\000i\000\040\000p\000a\000d\000a\000\040\000R\000o\000b\000o\000t}{section.5.1}% 64
\BOOKMARK [2][-]{subsection.5.1.8}{\376\377\000P\000e\000n\000y\000i\000m\000p\000a\000n\000a\000n\000\040\000G\000e\000r\000a\000k\000a\000n\000\040\000d\000a\000l\000a\000m\000\040\000F\000o\000r\000m\000a\000t\000\040\000J\000S\000O\000N}{section.5.1}% 65
\BOOKMARK [2][-]{subsection.5.1.9}{\376\377\000E\000k\000s\000e\000k\000u\000s\000i\000\040\000G\000e\000r\000a\000k\000a\000n\000\040\000p\000a\000d\000a\000\040\000R\000o\000b\000o\000t}{section.5.1}% 66
\BOOKMARK [1][-]{section.5.2}{\376\377\000I\000m\000p\000l\000e\000m\000e\000n\000t\000a\000s\000i\000\040\000W\000e\000b\000s\000i\000t\000e}{chapter.5}% 67
\BOOKMARK [1][-]{section.5.3}{\376\377\000P\000e\000n\000g\000u\000j\000i\000a\000n\000\040\000F\000u\000n\000g\000s\000i\000o\000n\000a\000l\000\040\000S\000i\000s\000t\000e\000m}{chapter.5}% 68
\BOOKMARK [0][-]{chapter.6}{\376\377\000H\000A\000S\000I\000L\000\040\000D\000A\000N\000\040\000P\000E\000M\000B\000A\000H\000A\000S\000A\000N}{}% 69
\BOOKMARK [1][-]{section.6.1}{\376\377\000H\000a\000s\000i\000l\000\040\000d\000a\000n\000\040\000P\000e\000m\000b\000a\000h\000a\000s\000a\000n\000\040\000S\000i\000s\000t\000e\000m}{chapter.6}% 70
\BOOKMARK [2][-]{subsection.6.1.1}{\376\377\000H\000a\000s\000i\000l\000\040\000d\000a\000n\000\040\000P\000e\000m\000b\000a\000h\000a\000s\000a\000n\000\040\000I\000m\000p\000l\000e\000m\000e\000n\000t\000a\000s\000i\000\040\000p\000a\000d\000a\000\040\000R\000o\000b\000o\000t}{section.6.1}% 71
\BOOKMARK [2][-]{subsection.6.1.2}{\376\377\000M\000o\000t\000i\000o\000n\000\040\000I\000m\000i\000t\000a\000t\000i\000o\000n\000\040\000P\000a\000d\000a\000\040\000R\000o\000b\000o\000t}{section.6.1}% 72
\BOOKMARK [2][-]{subsection.6.1.3}{\376\377\000H\000a\000s\000i\000l\000\040\000d\000a\000n\000\040\000P\000e\000m\000b\000a\000h\000a\000s\000a\000n\000\040\000F\000u\000n\000g\000s\000i\000o\000n\000a\000l\000\040\000S\000i\000s\000t\000e\000m}{section.6.1}% 73
\BOOKMARK [2][-]{subsection.6.1.4}{\376\377\000H\000a\000s\000i\000l\000\040\000d\000a\000n\000\040\000P\000e\000m\000b\000a\000h\000a\000s\000a\000n\000\040\000P\000e\000r\000f\000o\000r\000m\000a\000\040\000M\000o\000d\000e\000l}{section.6.1}% 74
\BOOKMARK [0][-]{chapter.7}{\376\377\000K\000E\000S\000I\000M\000P\000U\000L\000A\000N\000\040\000D\000A\000N\000\040\000S\000A\000R\000A\000N}{}% 75
\BOOKMARK [1][-]{section.7.1}{\376\377\000K\000e\000s\000i\000m\000p\000u\000l\000a\000n}{chapter.7}% 76
\BOOKMARK [1][-]{section.7.2}{\376\377\000S\000a\000r\000a\000n}{chapter.7}% 77
\BOOKMARK [0][-]{chapter*.45}{\376\377\000D\000A\000F\000T\000A\000R\000\040\000P\000U\000S\000T\000A\000K\000A}{}% 78
\BOOKMARK [0][-]{section*.46}{\376\377\000L\000A\000M\000P\000I\000R\000A\000N}{}% 79
